<?xml version="1.0" encoding="UTF-8"?>
<coverage generated="1635300328367" clover="3.2.0">
  <project timestamp="1635300328368" name="All files">
    <metrics statements="16" coveredstatements="15" conditionals="2" coveredconditionals="2" methods="5" coveredmethods="4" elements="23" coveredelements="21" complexity="0" loc="16" ncloc="16" packages="1" files="4" classes="4"/>
    <file name="cloneArray.js" path="/Users/manamiueda/test-practice/js/cloneArray.js">
      <metrics statements="2" coveredstatements="2" conditionals="0" coveredconditionals="0" methods="1" coveredmethods="1"/>
      <line num="2" count="2" type="stmt"/>
      <line num="5" count="1" type="stmt"/>
    </file>
    <file name="sevenAteNine.js" path="/Users/manamiueda/test-practice/js/sevenAteNine.js">
      <metrics statements="8" coveredstatements="8" conditionals="2" coveredconditionals="2" methods="1" coveredmethods="1"/>
      <line num="2" count="7" type="stmt"/>
      <line num="3" count="7" type="stmt"/>
      <line num="4" count="22" type="cond" truecount="2" falsecount="0"/>
      <line num="5" count="9" type="stmt"/>
      <line num="6" count="9" type="stmt"/>
      <line num="8" count="13" type="stmt"/>
      <line num="11" count="7" type="stmt"/>
      <line num="13" count="1" type="stmt"/>
    </file>
    <file name="subtract.js" path="/Users/manamiueda/test-practice/js/subtract.js">
      <metrics statements="2" coveredstatements="2" conditionals="0" coveredconditionals="0" methods="1" coveredmethods="1"/>
      <line num="2" count="1" type="stmt"/>
      <line num="5" count="1" type="stmt"/>
    </file>
    <file name="sum.js" path="/Users/manamiueda/test-practice/js/sum.js">
      <metrics statements="4" coveredstatements="3" conditionals="0" coveredconditionals="0" methods="2" coveredmethods="1"/>
      <line num="2" count="1" type="stmt"/>
      <line num="3" count="1" type="stmt"/>
      <line num="8" count="0" type="stmt"/>
      <line num="10" count="1" type="stmt"/>
    </file>
  </project>
</coverage>
