{"/Users/manamiueda/test-practice/js/cloneArray.js": {"path":"/Users/manamiueda/test-practice/js/cloneArray.js","statementMap":{"0":{"start":{"line":2,"column":4},"end":{"line":2,"column":21}},"1":{"start":{"line":5,"column":0},"end":{"line":5,"column":27}}},"fnMap":{"0":{"name":"cloneArray","decl":{"start":{"line":1,"column":9},"end":{"line":1,"column":19}},"loc":{"start":{"line":1,"column":26},"end":{"line":3,"column":1}},"line":1}},"branchMap":{},"s":{"0":2,"1":1},"f":{"0":2},"b":{},"_coverageSchema":"1a1c01bbd47fc00a2c39e90264f33305004495a9","hash":"cd59f47f1a185955ab7f7e05cbf774c1574cf8e3"}
,"/Users/manamiueda/test-practice/js/sevenAteNine.js": {"path":"/Users/manamiueda/test-practice/js/sevenAteNine.js","statementMap":{"0":{"start":{"line":2,"column":12},"end":{"line":2,"column":13}},"1":{"start":{"line":3,"column":4},"end":{"line":10,"column":5}},"2":{"start":{"line":4,"column":8},"end":{"line":9,"column":9}},"3":{"start":{"line":5,"column":10},"end":{"line":5,"column":38}},"4":{"start":{"line":6,"column":10},"end":{"line":6,"column":26}},"5":{"start":{"line":8,"column":12},"end":{"line":8,"column":15}},"6":{"start":{"line":11,"column":4},"end":{"line":11,"column":14}},"7":{"start":{"line":13,"column":2},"end":{"line":13,"column":25}}},"fnMap":{"0":{"name":"nomNom","decl":{"start":{"line":1,"column":9},"end":{"line":1,"column":15}},"loc":{"start":{"line":1,"column":21},"end":{"line":12,"column":3}},"line":1}},"branchMap":{"0":{"loc":{"start":{"line":4,"column":8},"end":{"line":9,"column":9}},"type":"if","locations":[{"start":{"line":4,"column":8},"end":{"line":9,"column":9}},{"start":{"line":7,"column":15},"end":{"line":9,"column":9}}],"line":4}},"s":{"0":7,"1":7,"2":22,"3":9,"4":9,"5":13,"6":7,"7":1},"f":{"0":7},"b":{"0":[9,13]},"_coverageSchema":"1a1c01bbd47fc00a2c39e90264f33305004495a9","hash":"0ba6cb2b9dafbf70048160305fc0dc24dddddc87"}
,"/Users/manamiueda/test-practice/js/subtract.js": {"path":"/Users/manamiueda/test-practice/js/subtract.js","statementMap":{"0":{"start":{"line":2,"column":4},"end":{"line":2,"column":16}},"1":{"start":{"line":5,"column":0},"end":{"line":5,"column":25}}},"fnMap":{"0":{"name":"subtract","decl":{"start":{"line":1,"column":9},"end":{"line":1,"column":17}},"loc":{"start":{"line":1,"column":23},"end":{"line":3,"column":1}},"line":1}},"branchMap":{},"s":{"0":1,"1":1},"f":{"0":1},"b":{},"_coverageSchema":"1a1c01bbd47fc00a2c39e90264f33305004495a9","hash":"a7e3993d24dcfb77e49e7e4c7c5801bbb69788a4"}
,"/Users/manamiueda/test-practice/js/sum.js": {"path":"/Users/manamiueda/test-practice/js/sum.js","statementMap":{"0":{"start":{"line":2,"column":4},"end":{"line":2,"column":18}},"1":{"start":{"line":3,"column":4},"end":{"line":3,"column":16}},"2":{"start":{"line":8,"column":4},"end":{"line":8,"column":25}},"3":{"start":{"line":10,"column":0},"end":{"line":10,"column":20}}},"fnMap":{"0":{"name":"sum","decl":{"start":{"line":1,"column":9},"end":{"line":1,"column":12}},"loc":{"start":{"line":1,"column":18},"end":{"line":5,"column":1}},"line":1},"1":{"name":"helper","decl":{"start":{"line":7,"column":9},"end":{"line":7,"column":15}},"loc":{"start":{"line":7,"column":17},"end":{"line":9,"column":1}},"line":7}},"branchMap":{},"s":{"0":1,"1":1,"2":0,"3":1},"f":{"0":1,"1":0},"b":{},"_coverageSchema":"1a1c01bbd47fc00a2c39e90264f33305004495a9","hash":"f188473d85d79cf3a04d5bdc8320f04c4a06fa2d"}
}
