TN:
SF:js/cloneArray.js
FN:1,cloneArray
FNF:1
FNH:1
FNDA:2,cloneArray
DA:2,2
DA:5,1
LF:2
LH:2
BRF:0
BRH:0
end_of_record
TN:
SF:js/sevenAteNine.js
FN:1,nomNom
FNF:1
FNH:1
FNDA:7,nomNom
DA:2,7
DA:3,7
DA:4,22
DA:5,9
DA:6,9
DA:8,13
DA:11,7
DA:13,1
LF:8
LH:8
BRDA:4,0,0,9
BRDA:4,0,1,13
BRF:2
BRH:2
end_of_record
TN:
SF:js/subtract.js
FN:1,subtract
FNF:1
FNH:1
FNDA:1,subtract
DA:2,1
DA:5,1
LF:2
LH:2
BRF:0
BRH:0
end_of_record
TN:
SF:js/sum.js
FN:1,sum
FN:7,helper
FNF:2
FNH:1
FNDA:1,sum
FNDA:0,helper
DA:2,1
DA:3,1
DA:8,0
DA:10,1
LF:4
LH:3
BRF:0
BRH:0
end_of_record
